0 info it worked if it ends with ok
1 verbose cli [ '/usr/local/Cellar/node/5.6.0/bin/node',
1 verbose cli   '/usr/local/bin/npm',
1 verbose cli   'run',
1 verbose cli   'dev' ]
2 info using npm@3.6.0
3 info using node@v5.6.0
4 verbose run-script [ 'predev', 'dev', 'postdev' ]
5 info lifecycle mern_shopping_list@1.0.0~predev: mern_shopping_list@1.0.0
6 silly lifecycle mern_shopping_list@1.0.0~predev: no script for predev, continuing
7 info lifecycle mern_shopping_list@1.0.0~dev: mern_shopping_list@1.0.0
8 verbose lifecycle mern_shopping_list@1.0.0~dev: unsafe-perm in lifecycle true
9 verbose lifecycle mern_shopping_list@1.0.0~dev: PATH: /usr/local/lib/node_modules/npm/bin/node-gyp-bin:/Users/Deerock/Desktop/MERN_SHOPPING_LIST/node_modules/.bin://anaconda/bin:/Applications/anaconda/bin:/Library/Frameworks/Python.framework/Versions/3.5/bin:/usr/local/bin:/usr/bin:/bin:/usr/sbin:/sbin://anaconda/bin:/Applications/anaconda/bin:/Library/Frameworks/Python.framework/Versions/3.5/bin
10 verbose lifecycle mern_shopping_list@1.0.0~dev: CWD: /Users/Deerock/Desktop/MERN_SHOPPING_LIST
11 silly lifecycle mern_shopping_list@1.0.0~dev: Args: [ '-c', 'concurrently "npm run server""npm run client"' ]
12 silly lifecycle mern_shopping_list@1.0.0~dev: Returned: code: 1  signal: null
13 info lifecycle mern_shopping_list@1.0.0~dev: Failed to exec dev script
14 verbose stack Error: mern_shopping_list@1.0.0 dev: `concurrently "npm run server""npm run client"`
14 verbose stack Exit status 1
14 verbose stack     at EventEmitter.<anonymous> (/usr/local/lib/node_modules/npm/lib/utils/lifecycle.js:232:16)
14 verbose stack     at emitTwo (events.js:100:13)
14 verbose stack     at EventEmitter.emit (events.js:185:7)
14 verbose stack     at ChildProcess.<anonymous> (/usr/local/lib/node_modules/npm/lib/utils/spawn.js:24:14)
14 verbose stack     at emitTwo (events.js:100:13)
14 verbose stack     at ChildProcess.emit (events.js:185:7)
14 verbose stack     at maybeClose (internal/child_process.js:827:16)
14 verbose stack     at Process.ChildProcess._handle.onexit (internal/child_process.js:211:5)
15 verbose pkgid mern_shopping_list@1.0.0
16 verbose cwd /Users/Deerock/Desktop/MERN_SHOPPING_LIST
17 error Darwin 15.6.0
18 error argv "/usr/local/Cellar/node/5.6.0/bin/node" "/usr/local/bin/npm" "run" "dev"
19 error node v5.6.0
20 error npm  v3.6.0
21 error code ELIFECYCLE
22 error mern_shopping_list@1.0.0 dev: `concurrently "npm run server""npm run client"`
22 error Exit status 1
23 error Failed at the mern_shopping_list@1.0.0 dev script 'concurrently "npm run server""npm run client"'.
23 error Make sure you have the latest version of node.js and npm installed.
23 error If you do, this is most likely a problem with the mern_shopping_list package,
23 error not with npm itself.
23 error Tell the author that this fails on your system:
23 error     concurrently "npm run server""npm run client"
23 error You can get information on how to open an issue for this project with:
23 error     npm bugs mern_shopping_list
23 error Or if that isn't available, you can get their info via:
23 error     npm owner ls mern_shopping_list
23 error There is likely additional logging output above.
24 verbose exit [ 1, true ]
